<?xml version="1.0" encoding="UTF-8"?>
<testsuite xmlns:xsi="http://www.w3.org/2001/XMLSchema-instance" xsi:noNamespaceSchemaLocation="https://maven.apache.org/surefire/maven-surefire-plugin/xsd/surefire-test-report.xsd" name="com.cicekSepeti.runners.CukesRunner" time="444.245" tests="16" errors="0" skipped="0" failures="3">
  <properties>
    <property name="java.specification.version" value="13"/>
    <property name="sun.jnu.encoding" value="UTF-8"/>
    <property name="java.class.path" value="/Users/ahmetvurdem/IdeaProjects/CicekSepetiTask/target/test-classes:/Users/ahmetvurdem/IdeaProjects/CicekSepetiTask/target/classes:/Users/ahmetvurdem/.m2/repository/io/rest-assured/rest-assured/4.3.2/rest-assured-4.3.2.jar:/Users/ahmetvurdem/.m2/repository/org/codehaus/groovy/groovy/3.0.6/groovy-3.0.6.jar:/Users/ahmetvurdem/.m2/repository/org/codehaus/groovy/groovy-xml/3.0.6/groovy-xml-3.0.6.jar:/Users/ahmetvurdem/.m2/repository/org/apache/httpcomponents/httpclient/4.5.3/httpclient-4.5.3.jar:/Users/ahmetvurdem/.m2/repository/org/apache/httpcomponents/httpcore/4.4.6/httpcore-4.4.6.jar:/Users/ahmetvurdem/.m2/repository/commons-logging/commons-logging/1.2/commons-logging-1.2.jar:/Users/ahmetvurdem/.m2/repository/commons-codec/commons-codec/1.9/commons-codec-1.9.jar:/Users/ahmetvurdem/.m2/repository/org/apache/httpcomponents/httpmime/4.5.3/httpmime-4.5.3.jar:/Users/ahmetvurdem/.m2/repository/org/hamcrest/hamcrest/2.1/hamcrest-2.1.jar:/Users/ahmetvurdem/.m2/repository/org/ccil/cowan/tagsoup/tagsoup/1.2.1/tagsoup-1.2.1.jar:/Users/ahmetvurdem/.m2/repository/io/rest-assured/json-path/4.3.2/json-path-4.3.2.jar:/Users/ahmetvurdem/.m2/repository/org/codehaus/groovy/groovy-json/3.0.6/groovy-json-3.0.6.jar:/Users/ahmetvurdem/.m2/repository/io/rest-assured/rest-assured-common/4.3.2/rest-assured-common-4.3.2.jar:/Users/ahmetvurdem/.m2/repository/io/rest-assured/xml-path/4.3.2/xml-path-4.3.2.jar:/Users/ahmetvurdem/.m2/repository/jakarta/xml/bind/jakarta.xml.bind-api/2.3.3/jakarta.xml.bind-api-2.3.3.jar:/Users/ahmetvurdem/.m2/repository/jakarta/activation/jakarta.activation-api/1.2.2/jakarta.activation-api-1.2.2.jar:/Users/ahmetvurdem/.m2/repository/com/sun/xml/bind/jaxb-impl/2.3.3/jaxb-impl-2.3.3.jar:/Users/ahmetvurdem/.m2/repository/com/google/code/gson/gson/2.8.6/gson-2.8.6.jar:/Users/ahmetvurdem/.m2/repository/org/seleniumhq/selenium/selenium-java/3.141.59/selenium-java-3.141.59.jar:/Users/ahmetvurdem/.m2/repository/org/seleniumhq/selenium/selenium-api/3.141.59/selenium-api-3.141.59.jar:/Users/ahmetvurdem/.m2/repository/org/seleniumhq/selenium/selenium-chrome-driver/3.141.59/selenium-chrome-driver-3.141.59.jar:/Users/ahmetvurdem/.m2/repository/org/seleniumhq/selenium/selenium-edge-driver/3.141.59/selenium-edge-driver-3.141.59.jar:/Users/ahmetvurdem/.m2/repository/org/seleniumhq/selenium/selenium-firefox-driver/3.141.59/selenium-firefox-driver-3.141.59.jar:/Users/ahmetvurdem/.m2/repository/org/seleniumhq/selenium/selenium-ie-driver/3.141.59/selenium-ie-driver-3.141.59.jar:/Users/ahmetvurdem/.m2/repository/org/seleniumhq/selenium/selenium-opera-driver/3.141.59/selenium-opera-driver-3.141.59.jar:/Users/ahmetvurdem/.m2/repository/org/seleniumhq/selenium/selenium-remote-driver/3.141.59/selenium-remote-driver-3.141.59.jar:/Users/ahmetvurdem/.m2/repository/org/seleniumhq/selenium/selenium-safari-driver/3.141.59/selenium-safari-driver-3.141.59.jar:/Users/ahmetvurdem/.m2/repository/org/seleniumhq/selenium/selenium-support/3.141.59/selenium-support-3.141.59.jar:/Users/ahmetvurdem/.m2/repository/net/bytebuddy/byte-buddy/1.8.15/byte-buddy-1.8.15.jar:/Users/ahmetvurdem/.m2/repository/org/apache/commons/commons-exec/1.3/commons-exec-1.3.jar:/Users/ahmetvurdem/.m2/repository/com/google/guava/guava/25.0-jre/guava-25.0-jre.jar:/Users/ahmetvurdem/.m2/repository/com/google/code/findbugs/jsr305/1.3.9/jsr305-1.3.9.jar:/Users/ahmetvurdem/.m2/repository/org/checkerframework/checker-compat-qual/2.0.0/checker-compat-qual-2.0.0.jar:/Users/ahmetvurdem/.m2/repository/com/google/errorprone/error_prone_annotations/2.1.3/error_prone_annotations-2.1.3.jar:/Users/ahmetvurdem/.m2/repository/com/google/j2objc/j2objc-annotations/1.1/j2objc-annotations-1.1.jar:/Users/ahmetvurdem/.m2/repository/org/codehaus/mojo/animal-sniffer-annotations/1.14/animal-sniffer-annotations-1.14.jar:/Users/ahmetvurdem/.m2/repository/com/squareup/okhttp3/okhttp/3.11.0/okhttp-3.11.0.jar:/Users/ahmetvurdem/.m2/repository/com/squareup/okio/okio/1.14.0/okio-1.14.0.jar:/Users/ahmetvurdem/.m2/repository/io/github/bonigarcia/webdrivermanager/4.1.0/webdrivermanager-4.1.0.jar:/Users/ahmetvurdem/.m2/repository/org/slf4j/slf4j-api/1.7.30/slf4j-api-1.7.30.jar:/Users/ahmetvurdem/.m2/repository/commons-io/commons-io/2.7/commons-io-2.7.jar:/Users/ahmetvurdem/.m2/repository/org/apache/commons/commons-lang3/3.10/commons-lang3-3.10.jar:/Users/ahmetvurdem/.m2/repository/org/apache/httpcomponents/client5/httpclient5/5.0.1/httpclient5-5.0.1.jar:/Users/ahmetvurdem/.m2/repository/org/apache/httpcomponents/core5/httpcore5/5.0.1/httpcore5-5.0.1.jar:/Users/ahmetvurdem/.m2/repository/org/apache/httpcomponents/core5/httpcore5-h2/5.0.1/httpcore5-h2-5.0.1.jar:/Users/ahmetvurdem/.m2/repository/org/rauschig/jarchivelib/1.0.0/jarchivelib-1.0.0.jar:/Users/ahmetvurdem/.m2/repository/org/apache/commons/commons-compress/1.18/commons-compress-1.18.jar:/Users/ahmetvurdem/.m2/repository/org/jsoup/jsoup/1.13.1/jsoup-1.13.1.jar:/Users/ahmetvurdem/.m2/repository/io/cucumber/cucumber-java/5.7.0/cucumber-java-5.7.0.jar:/Users/ahmetvurdem/.m2/repository/io/cucumber/cucumber-core/5.7.0/cucumber-core-5.7.0.jar:/Users/ahmetvurdem/.m2/repository/io/cucumber/cucumber-gherkin/5.7.0/cucumber-gherkin-5.7.0.jar:/Users/ahmetvurdem/.m2/repository/io/cucumber/cucumber-gherkin-vintage/5.7.0/cucumber-gherkin-vintage-5.7.0.jar:/Users/ahmetvurdem/.m2/repository/io/cucumber/tag-expressions/2.0.4/tag-expressions-2.0.4.jar:/Users/ahmetvurdem/.m2/repository/io/cucumber/cucumber-expressions/8.3.1/cucumber-expressions-8.3.1.jar:/Users/ahmetvurdem/.m2/repository/io/cucumber/datatable/3.3.1/datatable-3.3.1.jar:/Users/ahmetvurdem/.m2/repository/io/cucumber/cucumber-plugin/5.7.0/cucumber-plugin-5.7.0.jar:/Users/ahmetvurdem/.m2/repository/io/cucumber/docstring/5.7.0/docstring-5.7.0.jar:/Users/ahmetvurdem/.m2/repository/org/apiguardian/apiguardian-api/1.1.0/apiguardian-api-1.1.0.jar:/Users/ahmetvurdem/.m2/repository/io/cucumber/cucumber-junit/5.7.0/cucumber-junit-5.7.0.jar:/Users/ahmetvurdem/.m2/repository/junit/junit/4.13/junit-4.13.jar:/Users/ahmetvurdem/.m2/repository/org/hamcrest/hamcrest-core/1.3/hamcrest-core-1.3.jar:"/>
    <property name="java.vm.vendor" value="Oracle Corporation"/>
    <property name="sun.arch.data.model" value="64"/>
    <property name="java.vendor.url" value="https://java.oracle.com/"/>
    <property name="os.name" value="Mac OS X"/>
    <property name="java.vm.specification.version" value="13"/>
    <property name="sun.java.launcher" value="SUN_STANDARD"/>
    <property name="user.country" value="TR"/>
    <property name="sun.boot.library.path" value="/Library/Java/JavaVirtualMachines/jdk-13.0.2.jdk/Contents/Home/lib"/>
    <property name="sun.java.command" value="/Users/ahmetvurdem/IdeaProjects/CicekSepetiTask/target/surefire/surefirebooter12177471702929531848.jar /Users/ahmetvurdem/IdeaProjects/CicekSepetiTask/target/surefire 2021-05-23T19-12-05_342-jvmRun1 surefire10021361206517984298tmp surefire_07555705229231099380tmp"/>
    <property name="http.nonProxyHosts" value="local|*.local|169.254/16|*.169.254/16"/>
    <property name="jdk.debug" value="release"/>
    <property name="surefire.test.class.path" value="/Users/ahmetvurdem/IdeaProjects/CicekSepetiTask/target/test-classes:/Users/ahmetvurdem/IdeaProjects/CicekSepetiTask/target/classes:/Users/ahmetvurdem/.m2/repository/io/rest-assured/rest-assured/4.3.2/rest-assured-4.3.2.jar:/Users/ahmetvurdem/.m2/repository/org/codehaus/groovy/groovy/3.0.6/groovy-3.0.6.jar:/Users/ahmetvurdem/.m2/repository/org/codehaus/groovy/groovy-xml/3.0.6/groovy-xml-3.0.6.jar:/Users/ahmetvurdem/.m2/repository/org/apache/httpcomponents/httpclient/4.5.3/httpclient-4.5.3.jar:/Users/ahmetvurdem/.m2/repository/org/apache/httpcomponents/httpcore/4.4.6/httpcore-4.4.6.jar:/Users/ahmetvurdem/.m2/repository/commons-logging/commons-logging/1.2/commons-logging-1.2.jar:/Users/ahmetvurdem/.m2/repository/commons-codec/commons-codec/1.9/commons-codec-1.9.jar:/Users/ahmetvurdem/.m2/repository/org/apache/httpcomponents/httpmime/4.5.3/httpmime-4.5.3.jar:/Users/ahmetvurdem/.m2/repository/org/hamcrest/hamcrest/2.1/hamcrest-2.1.jar:/Users/ahmetvurdem/.m2/repository/org/ccil/cowan/tagsoup/tagsoup/1.2.1/tagsoup-1.2.1.jar:/Users/ahmetvurdem/.m2/repository/io/rest-assured/json-path/4.3.2/json-path-4.3.2.jar:/Users/ahmetvurdem/.m2/repository/org/codehaus/groovy/groovy-json/3.0.6/groovy-json-3.0.6.jar:/Users/ahmetvurdem/.m2/repository/io/rest-assured/rest-assured-common/4.3.2/rest-assured-common-4.3.2.jar:/Users/ahmetvurdem/.m2/repository/io/rest-assured/xml-path/4.3.2/xml-path-4.3.2.jar:/Users/ahmetvurdem/.m2/repository/jakarta/xml/bind/jakarta.xml.bind-api/2.3.3/jakarta.xml.bind-api-2.3.3.jar:/Users/ahmetvurdem/.m2/repository/jakarta/activation/jakarta.activation-api/1.2.2/jakarta.activation-api-1.2.2.jar:/Users/ahmetvurdem/.m2/repository/com/sun/xml/bind/jaxb-impl/2.3.3/jaxb-impl-2.3.3.jar:/Users/ahmetvurdem/.m2/repository/com/google/code/gson/gson/2.8.6/gson-2.8.6.jar:/Users/ahmetvurdem/.m2/repository/org/seleniumhq/selenium/selenium-java/3.141.59/selenium-java-3.141.59.jar:/Users/ahmetvurdem/.m2/repository/org/seleniumhq/selenium/selenium-api/3.141.59/selenium-api-3.141.59.jar:/Users/ahmetvurdem/.m2/repository/org/seleniumhq/selenium/selenium-chrome-driver/3.141.59/selenium-chrome-driver-3.141.59.jar:/Users/ahmetvurdem/.m2/repository/org/seleniumhq/selenium/selenium-edge-driver/3.141.59/selenium-edge-driver-3.141.59.jar:/Users/ahmetvurdem/.m2/repository/org/seleniumhq/selenium/selenium-firefox-driver/3.141.59/selenium-firefox-driver-3.141.59.jar:/Users/ahmetvurdem/.m2/repository/org/seleniumhq/selenium/selenium-ie-driver/3.141.59/selenium-ie-driver-3.141.59.jar:/Users/ahmetvurdem/.m2/repository/org/seleniumhq/selenium/selenium-opera-driver/3.141.59/selenium-opera-driver-3.141.59.jar:/Users/ahmetvurdem/.m2/repository/org/seleniumhq/selenium/selenium-remote-driver/3.141.59/selenium-remote-driver-3.141.59.jar:/Users/ahmetvurdem/.m2/repository/org/seleniumhq/selenium/selenium-safari-driver/3.141.59/selenium-safari-driver-3.141.59.jar:/Users/ahmetvurdem/.m2/repository/org/seleniumhq/selenium/selenium-support/3.141.59/selenium-support-3.141.59.jar:/Users/ahmetvurdem/.m2/repository/net/bytebuddy/byte-buddy/1.8.15/byte-buddy-1.8.15.jar:/Users/ahmetvurdem/.m2/repository/org/apache/commons/commons-exec/1.3/commons-exec-1.3.jar:/Users/ahmetvurdem/.m2/repository/com/google/guava/guava/25.0-jre/guava-25.0-jre.jar:/Users/ahmetvurdem/.m2/repository/com/google/code/findbugs/jsr305/1.3.9/jsr305-1.3.9.jar:/Users/ahmetvurdem/.m2/repository/org/checkerframework/checker-compat-qual/2.0.0/checker-compat-qual-2.0.0.jar:/Users/ahmetvurdem/.m2/repository/com/google/errorprone/error_prone_annotations/2.1.3/error_prone_annotations-2.1.3.jar:/Users/ahmetvurdem/.m2/repository/com/google/j2objc/j2objc-annotations/1.1/j2objc-annotations-1.1.jar:/Users/ahmetvurdem/.m2/repository/org/codehaus/mojo/animal-sniffer-annotations/1.14/animal-sniffer-annotations-1.14.jar:/Users/ahmetvurdem/.m2/repository/com/squareup/okhttp3/okhttp/3.11.0/okhttp-3.11.0.jar:/Users/ahmetvurdem/.m2/repository/com/squareup/okio/okio/1.14.0/okio-1.14.0.jar:/Users/ahmetvurdem/.m2/repository/io/github/bonigarcia/webdrivermanager/4.1.0/webdrivermanager-4.1.0.jar:/Users/ahmetvurdem/.m2/repository/org/slf4j/slf4j-api/1.7.30/slf4j-api-1.7.30.jar:/Users/ahmetvurdem/.m2/repository/commons-io/commons-io/2.7/commons-io-2.7.jar:/Users/ahmetvurdem/.m2/repository/org/apache/commons/commons-lang3/3.10/commons-lang3-3.10.jar:/Users/ahmetvurdem/.m2/repository/org/apache/httpcomponents/client5/httpclient5/5.0.1/httpclient5-5.0.1.jar:/Users/ahmetvurdem/.m2/repository/org/apache/httpcomponents/core5/httpcore5/5.0.1/httpcore5-5.0.1.jar:/Users/ahmetvurdem/.m2/repository/org/apache/httpcomponents/core5/httpcore5-h2/5.0.1/httpcore5-h2-5.0.1.jar:/Users/ahmetvurdem/.m2/repository/org/rauschig/jarchivelib/1.0.0/jarchivelib-1.0.0.jar:/Users/ahmetvurdem/.m2/repository/org/apache/commons/commons-compress/1.18/commons-compress-1.18.jar:/Users/ahmetvurdem/.m2/repository/org/jsoup/jsoup/1.13.1/jsoup-1.13.1.jar:/Users/ahmetvurdem/.m2/repository/io/cucumber/cucumber-java/5.7.0/cucumber-java-5.7.0.jar:/Users/ahmetvurdem/.m2/repository/io/cucumber/cucumber-core/5.7.0/cucumber-core-5.7.0.jar:/Users/ahmetvurdem/.m2/repository/io/cucumber/cucumber-gherkin/5.7.0/cucumber-gherkin-5.7.0.jar:/Users/ahmetvurdem/.m2/repository/io/cucumber/cucumber-gherkin-vintage/5.7.0/cucumber-gherkin-vintage-5.7.0.jar:/Users/ahmetvurdem/.m2/repository/io/cucumber/tag-expressions/2.0.4/tag-expressions-2.0.4.jar:/Users/ahmetvurdem/.m2/repository/io/cucumber/cucumber-expressions/8.3.1/cucumber-expressions-8.3.1.jar:/Users/ahmetvurdem/.m2/repository/io/cucumber/datatable/3.3.1/datatable-3.3.1.jar:/Users/ahmetvurdem/.m2/repository/io/cucumber/cucumber-plugin/5.7.0/cucumber-plugin-5.7.0.jar:/Users/ahmetvurdem/.m2/repository/io/cucumber/docstring/5.7.0/docstring-5.7.0.jar:/Users/ahmetvurdem/.m2/repository/org/apiguardian/apiguardian-api/1.1.0/apiguardian-api-1.1.0.jar:/Users/ahmetvurdem/.m2/repository/io/cucumber/cucumber-junit/5.7.0/cucumber-junit-5.7.0.jar:/Users/ahmetvurdem/.m2/repository/junit/junit/4.13/junit-4.13.jar:/Users/ahmetvurdem/.m2/repository/org/hamcrest/hamcrest-core/1.3/hamcrest-core-1.3.jar:"/>
    <property name="sun.cpu.endian" value="little"/>
    <property name="user.home" value="/Users/ahmetvurdem"/>
    <property name="user.language" value="en"/>
    <property name="java.specification.vendor" value="Oracle Corporation"/>
    <property name="java.version.date" value="2020-01-14"/>
    <property name="java.home" value="/Library/Java/JavaVirtualMachines/jdk-13.0.2.jdk/Contents/Home"/>
    <property name="file.separator" value="/"/>
    <property name="basedir" value="/Users/ahmetvurdem/IdeaProjects/CicekSepetiTask"/>
    <property name="java.vm.compressedOopsMode" value="Zero based"/>
    <property name="line.separator" value="&#10;"/>
    <property name="java.specification.name" value="Java Platform API Specification"/>
    <property name="java.vm.specification.vendor" value="Oracle Corporation"/>
    <property name="surefire.real.class.path" value="/Users/ahmetvurdem/IdeaProjects/CicekSepetiTask/target/surefire/surefirebooter12177471702929531848.jar"/>
    <property name="sun.management.compiler" value="HotSpot 64-Bit Tiered Compilers"/>
    <property name="ftp.nonProxyHosts" value="local|*.local|169.254/16|*.169.254/16"/>
    <property name="java.runtime.version" value="13.0.2+8"/>
    <property name="user.name" value="ahmetvurdem"/>
    <property name="path.separator" value=":"/>
    <property name="os.version" value="10.16"/>
    <property name="java.runtime.name" value="Java(TM) SE Runtime Environment"/>
    <property name="file.encoding" value="UTF-8"/>
    <property name="java.vm.name" value="Java HotSpot(TM) 64-Bit Server VM"/>
    <property name="localRepository" value="/Users/ahmetvurdem/.m2/repository"/>
    <property name="java.vendor.url.bug" value="https://bugreport.java.com/bugreport/"/>
    <property name="java.io.tmpdir" value="/var/folders/cj/ststrs8d07b37bqcxcr97l0m0000gn/T/"/>
    <property name="java.version" value="13.0.2"/>
    <property name="user.dir" value="/Users/ahmetvurdem/IdeaProjects/CicekSepetiTask"/>
    <property name="os.arch" value="x86_64"/>
    <property name="java.vm.specification.name" value="Java Virtual Machine Specification"/>
    <property name="java.library.path" value="/Users/ahmetvurdem/Library/Java/Extensions:/Library/Java/Extensions:/Network/Library/Java/Extensions:/System/Library/Java/Extensions:/usr/lib/java:."/>
    <property name="java.vm.info" value="mixed mode, sharing"/>
    <property name="java.vendor" value="Oracle Corporation"/>
    <property name="java.vm.version" value="13.0.2+8"/>
    <property name="sun.io.unicode.encoding" value="UnicodeBig"/>
    <property name="socksNonProxyHosts" value="local|*.local|169.254/16|*.169.254/16"/>
    <property name="java.class.version" value="57.0"/>
  </properties>
  <testcase name="send the request and check the &quot;installment&quot; is correct for products with installment option" classname="Verify the api response is correct" time="4.559"/>
  <testcase name="send the request and check the &quot;installmentText&quot; is correct for products with installment option" classname="Verify the api response is correct" time="1.42"/>
  <testcase name="send the request and check the &quot;productGroupIds&quot; is correct for products with installment option" classname="Verify the api response is correct" time="1.766"/>
  <testcase name="send the request and check the &quot;installment&quot; is correct for products without installment option" classname="Verify the api response is correct" time="1.51">
    <failure type="java.lang.AssertionError">java.lang.AssertionError
</failure>
    <system-out><![CDATA[
@installments @api @all @installment2
Scenario Outline: send the request and check the "installment" is correct for products without installment option &amp#27;[90m# src/test/resources/features/api.feature:29&amp#27;[0m
  &amp#27;[32mWhen &amp#27;[0m&amp#27;[32mI get the current user information from api&amp#27;[0m                                                                &amp#27;[90m# com.cicekSepeti.step_definitions.ApiStepDefs.i_get_the_current_user_information_from_api()&amp#27;[0m
  &amp#27;[32mThen &amp#27;[0m&amp#27;[32mstatus code should be &amp#27;[0m&amp#27;[32m&amp#27;[1m200&amp#27;[0m                                                                                  &amp#27;[90m# com.cicekSepeti.step_definitions.ApiStepDefs.status_code_should_be(int)&amp#27;[0m
  &amp#27;[32mAnd &amp#27;[0m&amp#27;[32mcontent type is should be json&amp#27;[0m                                                                              &amp#27;[90m# com.cicekSepeti.step_definitions.ApiStepDefs.content_type_is_should_be_json()&amp#27;[0m
jsonDataforInstallment1 = {
    "result": {
        "data": {
            "categoryName": null,
            "products": [
                {
                    "code": "gr1700",
                    "name": "Bir Tatlı Sevda Kek Buketi",
                    "price": {
                        "current": 49.99,
                        "total": 49.99,
                        "currency": "TL",
                        "currencyCode": "TRY"
                    },
                    "installment": false,
                    "installmentText": "",
                    "productGroupId": 2,
                    "variantCode": "gr1700-1",
                    "deliveryChargeMessage": "Ücretsiz Teslimat"
                },
                {
                    "code": "kc287076",
                    "name": "Nice Mutlu Yıllar Çikolata Topları Truf Buketi",
                    "price": {
                        "current": 49.99,
                        "total": 49.99,
                        "currency": "TL",
                        "currencyCode": "TRY"
                    },
                    "installment": false,
                    "installmentText": "",
                    "productGroupId": 2,
                    "variantCode": "kc287076-1",
                    "deliveryChargeMessage": "Ücretsiz Teslimat"
                },
                {
                    "code": "at3917",
                    "name": "Kişiye Özel Lisyantus Aranjmanı",
                    "price": {
                        "current": 69.99,
                        "total": 69.99,
                        "currency": "TL",
                        "currencyCode": "TRY"
                    },
                    "installment": true,
                    "installmentText": "6 x 11,66 TL Taksit Seçeneği",
                    "productGroupId": 1,
                    "variantCode": "at3917-1",
                    "deliveryChargeMessage": "Ücretsiz Teslimat"
                },
                {
                    "code": "gr1855",
                    "name": "Doğum Günü Mesajlı Çilek Bahçesi Kek Buketi",
                    "price": {
                        "current": 49.99,
                        "total": 49.99,
                        "currency": "TL",
                        "currencyCode": "TRY"
                    },
                    "installment": false,
                    "installmentText": "",
                    "productGroupId": 2,
                    "variantCode": "gr1855-1",
                    "deliveryChargeMessage": "Ücretsiz Teslimat"
                },
                {
                    "code": "gr1572",
                    "name": "Mini Tatlı Lezzet Truf ve Kek Buketi",
                    "price": {
                        "current": 49.99,
                        "total": 49.99,
                        "currency": "TL",
                        "currencyCode": "TRY"
                    },
                    "installment": false,
                    "installmentText": "",
                    "productGroupId": 2,
                    "variantCode": "gr1572-1",
                    "deliveryChargeMessage": "Ücretsiz Teslimat"
                },
                {
                    "code": "gr1972",
                    "name": "Bitmeyen Lezzet Doğum Günü Kutlama Aranjmanı",
                    "price": {
                        "current": 54.99,
                        "total": 54.99,
                        "currency": "TL",
                        "currencyCode": "TRY"
                    },
                    "installment": false,
                    "installmentText": "",
                    "productGroupId": 2,
                    "variantCode": "gr1972-1",
                    "deliveryChargeMessage": "Ücretsiz Teslimat"
                }
            ],
            "filter": null,
            "banners": null,
            "branch": null,
            "message": null,
            "productCount": 310745,
            "title": null,
            "isAlternate": false,
            "storeId": null
        }
    },
    "error": {
        "type": 0,
        "title": null,
        "message": null,
        "returnUrl": null
    }
}
  &amp#27;[31mThen &amp#27;[0m&amp#27;[31mI check that the &amp#27;[0m&amp#27;[31m&amp#27;[1m"installment"&amp#27;[0m&amp#27;[31m for products without installment option&amp#27;[0m                                     &amp#27;[90m# com.cicekSepeti.step_definitions.ApiStepDefs.i_check_that_the_for_products_without_installment_option(java.lang.String)&amp#27;[0m
      &amp#27;[31mjava.lang.AssertionError
	at org.junit.Assert.fail(Assert.java:87)
	at org.junit.Assert.assertTrue(Assert.java:42)
	at org.junit.Assert.assertFalse(Assert.java:65)
	at org.junit.Assert.assertFalse(Assert.java:75)
	at com.cicekSepeti.step_definitions.ApiStepDefs.i_check_that_the_for_products_without_installment_option(ApiStepDefs.java:123)
	at ✽.I check that the "installment" for products without installment option(file:///Users/ahmetvurdem/IdeaProjects/CicekSepetiTask/src/test/resources/features/api.feature:25)
&amp#27;[0m
]]></system-out>
  </testcase>
  <testcase name="send the request and check the &quot;installmentText&quot; is correct for products without installment option" classname="Verify the api response is correct" time="1.582">
    <failure message="expected:&lt;[]&gt; but was:&lt;[6 x 11,66 TL Taksit Seçeneği]&gt;" type="org.junit.ComparisonFailure"><![CDATA[org.junit.ComparisonFailure: expected:<[]> but was:<[6 x 11,66 TL Taksit Seçeneği]>
]]></failure>
    <system-out><![CDATA[
@installments @api @all @installment2
Scenario Outline: send the request and check the "installmentText" is correct for products without installment option &amp#27;[90m# src/test/resources/features/api.feature:30&amp#27;[0m
  &amp#27;[32mWhen &amp#27;[0m&amp#27;[32mI get the current user information from api&amp#27;[0m                                                                    &amp#27;[90m# com.cicekSepeti.step_definitions.ApiStepDefs.i_get_the_current_user_information_from_api()&amp#27;[0m
  &amp#27;[32mThen &amp#27;[0m&amp#27;[32mstatus code should be &amp#27;[0m&amp#27;[32m&amp#27;[1m200&amp#27;[0m                                                                                      &amp#27;[90m# com.cicekSepeti.step_definitions.ApiStepDefs.status_code_should_be(int)&amp#27;[0m
  &amp#27;[32mAnd &amp#27;[0m&amp#27;[32mcontent type is should be json&amp#27;[0m                                                                                  &amp#27;[90m# com.cicekSepeti.step_definitions.ApiStepDefs.content_type_is_should_be_json()&amp#27;[0m
jsonDataforInstallment1 = {
    "result": {
        "data": {
            "categoryName": null,
            "products": [
                {
                    "code": "gr1700",
                    "name": "Bir Tatlı Sevda Kek Buketi",
                    "price": {
                        "current": 49.99,
                        "total": 49.99,
                        "currency": "TL",
                        "currencyCode": "TRY"
                    },
                    "installment": false,
                    "installmentText": "",
                    "productGroupId": 2,
                    "variantCode": "gr1700-1",
                    "deliveryChargeMessage": "Ücretsiz Teslimat"
                },
                {
                    "code": "kc287076",
                    "name": "Nice Mutlu Yıllar Çikolata Topları Truf Buketi",
                    "price": {
                        "current": 49.99,
                        "total": 49.99,
                        "currency": "TL",
                        "currencyCode": "TRY"
                    },
                    "installment": false,
                    "installmentText": "",
                    "productGroupId": 2,
                    "variantCode": "kc287076-1",
                    "deliveryChargeMessage": "Ücretsiz Teslimat"
                },
                {
                    "code": "at3917",
                    "name": "Kişiye Özel Lisyantus Aranjmanı",
                    "price": {
                        "current": 69.99,
                        "total": 69.99,
                        "currency": "TL",
                        "currencyCode": "TRY"
                    },
                    "installment": true,
                    "installmentText": "6 x 11,66 TL Taksit Seçeneği",
                    "productGroupId": 1,
                    "variantCode": "at3917-1",
                    "deliveryChargeMessage": "Ücretsiz Teslimat"
                },
                {
                    "code": "gr1855",
                    "name": "Doğum Günü Mesajlı Çilek Bahçesi Kek Buketi",
                    "price": {
                        "current": 49.99,
                        "total": 49.99,
                        "currency": "TL",
                        "currencyCode": "TRY"
                    },
                    "installment": false,
                    "installmentText": "",
                    "productGroupId": 2,
                    "variantCode": "gr1855-1",
                    "deliveryChargeMessage": "Ücretsiz Teslimat"
                },
                {
                    "code": "gr1572",
                    "name": "Mini Tatlı Lezzet Truf ve Kek Buketi",
                    "price": {
                        "current": 49.99,
                        "total": 49.99,
                        "currency": "TL",
                        "currencyCode": "TRY"
                    },
                    "installment": false,
                    "installmentText": "",
                    "productGroupId": 2,
                    "variantCode": "gr1572-1",
                    "deliveryChargeMessage": "Ücretsiz Teslimat"
                },
                {
                    "code": "gr1972",
                    "name": "Bitmeyen Lezzet Doğum Günü Kutlama Aranjmanı",
                    "price": {
                        "current": 54.99,
                        "total": 54.99,
                        "currency": "TL",
                        "currencyCode": "TRY"
                    },
                    "installment": false,
                    "installmentText": "",
                    "productGroupId": 2,
                    "variantCode": "gr1972-1",
                    "deliveryChargeMessage": "Ücretsiz Teslimat"
                }
            ],
            "filter": null,
            "banners": null,
            "branch": null,
            "message": null,
            "productCount": 310745,
            "title": null,
            "isAlternate": false,
            "storeId": null
        }
    },
    "error": {
        "type": 0,
        "title": null,
        "message": null,
        "returnUrl": null
    }
}
  &amp#27;[31mThen &amp#27;[0m&amp#27;[31mI check that the &amp#27;[0m&amp#27;[31m&amp#27;[1m"installmentText"&amp#27;[0m&amp#27;[31m for products without installment option&amp#27;[0m                                     &amp#27;[90m# com.cicekSepeti.step_definitions.ApiStepDefs.i_check_that_the_for_products_without_installment_option(java.lang.String)&amp#27;[0m
      &amp#27;[31morg.junit.ComparisonFailure: expected:<[]> but was:<[6 x 11,66 TL Taksit Seçeneği]>
	at org.junit.Assert.assertEquals(Assert.java:117)
	at org.junit.Assert.assertEquals(Assert.java:146)
	at com.cicekSepeti.step_definitions.ApiStepDefs.i_check_that_the_for_products_without_installment_option(ApiStepDefs.java:134)
	at ✽.I check that the "installmentText" for products without installment option(file:///Users/ahmetvurdem/IdeaProjects/CicekSepetiTask/src/test/resources/features/api.feature:25)
&amp#27;[0m
]]></system-out>
  </testcase>
  <testcase name="send the request and check the &quot;productGroupIds&quot; is correct for products without installment option" classname="Verify the api response is correct" time="1.465">
    <failure message="expected:&lt;2.0&gt; but was:&lt;1.0&gt;" type="java.lang.AssertionError"><![CDATA[java.lang.AssertionError: expected:<2.0> but was:<1.0>
]]></failure>
    <system-out><![CDATA[
@installments @api @all @installment2
Scenario Outline: send the request and check the "productGroupIds" is correct for products without installment option &amp#27;[90m# src/test/resources/features/api.feature:31&amp#27;[0m
  &amp#27;[32mWhen &amp#27;[0m&amp#27;[32mI get the current user information from api&amp#27;[0m                                                                    &amp#27;[90m# com.cicekSepeti.step_definitions.ApiStepDefs.i_get_the_current_user_information_from_api()&amp#27;[0m
  &amp#27;[32mThen &amp#27;[0m&amp#27;[32mstatus code should be &amp#27;[0m&amp#27;[32m&amp#27;[1m200&amp#27;[0m                                                                                      &amp#27;[90m# com.cicekSepeti.step_definitions.ApiStepDefs.status_code_should_be(int)&amp#27;[0m
  &amp#27;[32mAnd &amp#27;[0m&amp#27;[32mcontent type is should be json&amp#27;[0m                                                                                  &amp#27;[90m# com.cicekSepeti.step_definitions.ApiStepDefs.content_type_is_should_be_json()&amp#27;[0m
jsonDataforInstallment1 = {
    "result": {
        "data": {
            "categoryName": null,
            "products": [
                {
                    "code": "gr1700",
                    "name": "Bir Tatlı Sevda Kek Buketi",
                    "price": {
                        "current": 49.99,
                        "total": 49.99,
                        "currency": "TL",
                        "currencyCode": "TRY"
                    },
                    "installment": false,
                    "installmentText": "",
                    "productGroupId": 2,
                    "variantCode": "gr1700-1",
                    "deliveryChargeMessage": "Ücretsiz Teslimat"
                },
                {
                    "code": "kc287076",
                    "name": "Nice Mutlu Yıllar Çikolata Topları Truf Buketi",
                    "price": {
                        "current": 49.99,
                        "total": 49.99,
                        "currency": "TL",
                        "currencyCode": "TRY"
                    },
                    "installment": false,
                    "installmentText": "",
                    "productGroupId": 2,
                    "variantCode": "kc287076-1",
                    "deliveryChargeMessage": "Ücretsiz Teslimat"
                },
                {
                    "code": "at3917",
                    "name": "Kişiye Özel Lisyantus Aranjmanı",
                    "price": {
                        "current": 69.99,
                        "total": 69.99,
                        "currency": "TL",
                        "currencyCode": "TRY"
                    },
                    "installment": true,
                    "installmentText": "6 x 11,66 TL Taksit Seçeneği",
                    "productGroupId": 1,
                    "variantCode": "at3917-1",
                    "deliveryChargeMessage": "Ücretsiz Teslimat"
                },
                {
                    "code": "gr1855",
                    "name": "Doğum Günü Mesajlı Çilek Bahçesi Kek Buketi",
                    "price": {
                        "current": 49.99,
                        "total": 49.99,
                        "currency": "TL",
                        "currencyCode": "TRY"
                    },
                    "installment": false,
                    "installmentText": "",
                    "productGroupId": 2,
                    "variantCode": "gr1855-1",
                    "deliveryChargeMessage": "Ücretsiz Teslimat"
                },
                {
                    "code": "gr1572",
                    "name": "Mini Tatlı Lezzet Truf ve Kek Buketi",
                    "price": {
                        "current": 49.99,
                        "total": 49.99,
                        "currency": "TL",
                        "currencyCode": "TRY"
                    },
                    "installment": false,
                    "installmentText": "",
                    "productGroupId": 2,
                    "variantCode": "gr1572-1",
                    "deliveryChargeMessage": "Ücretsiz Teslimat"
                },
                {
                    "code": "gr1972",
                    "name": "Bitmeyen Lezzet Doğum Günü Kutlama Aranjmanı",
                    "price": {
                        "current": 54.99,
                        "total": 54.99,
                        "currency": "TL",
                        "currencyCode": "TRY"
                    },
                    "installment": false,
                    "installmentText": "",
                    "productGroupId": 2,
                    "variantCode": "gr1972-1",
                    "deliveryChargeMessage": "Ücretsiz Teslimat"
                }
            ],
            "filter": null,
            "banners": null,
            "branch": null,
            "message": null,
            "productCount": 310745,
            "title": null,
            "isAlternate": false,
            "storeId": null
        }
    },
    "error": {
        "type": 0,
        "title": null,
        "message": null,
        "returnUrl": null
    }
}
  &amp#27;[31mThen &amp#27;[0m&amp#27;[31mI check that the &amp#27;[0m&amp#27;[31m&amp#27;[1m"productGroupIds"&amp#27;[0m&amp#27;[31m for products without installment option&amp#27;[0m                                     &amp#27;[90m# com.cicekSepeti.step_definitions.ApiStepDefs.i_check_that_the_for_products_without_installment_option(java.lang.String)&amp#27;[0m
      &amp#27;[31mjava.lang.AssertionError: expected:<2.0> but was:<1.0>
	at org.junit.Assert.fail(Assert.java:89)
	at org.junit.Assert.failNotEquals(Assert.java:835)
	at org.junit.Assert.assertEquals(Assert.java:120)
	at org.junit.Assert.assertEquals(Assert.java:146)
	at com.cicekSepeti.step_definitions.ApiStepDefs.i_check_that_the_for_products_without_installment_option(ApiStepDefs.java:145)
	at ✽.I check that the "productGroupIds" for products without installment option(file:///Users/ahmetvurdem/IdeaProjects/CicekSepetiTask/src/test/resources/features/api.feature:25)
&amp#27;[0m
]]></system-out>
  </testcase>
  <testcase name="send the request and check the body has null value" classname="Verify the api response is correct" time="1.437"/>
  <testcase name="(Negative) Using invalid credentials to sign in" classname="User try to login with invalid credentials" time="7.85"/>
  <testcase name="(Negative) Using invalid credentials to sign in" classname="User try to login with invalid credentials" time="47.764"/>
  <testcase name="(Negative) Using invalid credentials to sign in" classname="User try to login with invalid credentials" time="27.363"/>
  <testcase name="(Negative) Using invalid credentials to sign in" classname="User try to login with invalid credentials" time="47.446"/>
  <testcase name="(Negative) Using invalid credentials to sign in" classname="User try to login with invalid credentials" time="47.244"/>
  <testcase name="(Negative) Using invalid credentials to sign in" classname="User try to login with invalid credentials" time="47.488"/>
  <testcase name="(Negative) Using invalid credentials to sign in" classname="User try to login with invalid credentials" time="87.679"/>
  <testcase name="(Negative) Using invalid credentials to sign in" classname="User try to login with invalid credentials" time="87.54"/>
  <testcase name="(Negative) Using invalid credentials to sign in" classname="User try to login with invalid credentials" time="29.674"/>
</testsuite>